<?xml version="1.0" encoding="UTF-8"?>
<!-- Generated by org.testng.reporters.JUnitReportReporter -->
<testsuite skipped="0" hostname="RDAS3-PF17525U" name="codes.SumValidation" tests="1" failures="0" timestamp="2020-04-30T21:28:49 IST" time="1.668" errors="0">
  <testcase name="sumOfCource" time="1.668" classname="codes.SumValidation"/>
  <system-out/>
</testsuite> <!-- codes.SumValidation -->
